<?xml version="1.0" encoding="UTF-8"?>
<!-- Generated by org.testng.reporters.JUnitReportReporter -->
<testsuite skipped="0" hostname="CTSL023" name="Files.AddEmpFile" tests="1" failures="0" timestamp="2020-07-31T20:37:36 IST" time="4.820" errors="0">
  <testcase name="addEmp" time="4.820" classname="Files.AddEmpFile"/>
  <system-out/>
</testsuite> <!-- Files.AddEmpFile -->
